\BOOKMARK [0][-]{chapter.1}{1 Homework 1}{}% 1
\BOOKMARK [1][-]{section.1.1}{1.1 Introduction}{chapter.1}% 2
\BOOKMARK [2][-]{subsection.1.1.1}{1.1.1 Problem 1}{section.1.1}% 3
\BOOKMARK [2][-]{subsection.1.1.2}{1.1.2 Problem 2}{section.1.1}% 4
\BOOKMARK [1][-]{section.1.2}{1.2 Approach the problem}{chapter.1}% 5
\BOOKMARK [1][-]{section.1.3}{1.3 Result}{chapter.1}% 6
\BOOKMARK [2][-]{subsection.1.3.1}{1.3.1 Problem 1}{section.1.3}% 7
\BOOKMARK [2][-]{subsection.1.3.2}{1.3.2 Problem 2}{section.1.3}% 8
\BOOKMARK [1][-]{section.1.4}{1.4 Command list}{chapter.1}% 9
\BOOKMARK [0][-]{chapter.2}{2 Homework 2}{}% 10
\BOOKMARK [1][-]{section.2.1}{2.1 Introduction}{chapter.2}% 11
\BOOKMARK [1][-]{section.2.2}{2.2 Approach the problem}{chapter.2}% 12
\BOOKMARK [1][-]{section.2.3}{2.3 Result}{chapter.2}% 13
\BOOKMARK [1][-]{section.2.4}{2.4 Command list}{chapter.2}% 14
\BOOKMARK [0][-]{chapter.3}{3 Homework 3}{}% 15
\BOOKMARK [1][-]{section.3.1}{3.1 Approach the problem}{chapter.3}% 16
\BOOKMARK [1][-]{section.3.2}{3.2 Result}{chapter.3}% 17
\BOOKMARK [1][-]{section.3.3}{3.3 Conclusion}{chapter.3}% 18
\BOOKMARK [1][-]{section.3.4}{3.4 Command list}{chapter.3}% 19
\BOOKMARK [0][-]{chapter.4}{4 Homework 4}{}% 20
\BOOKMARK [1][-]{section.4.1}{4.1 Approach the problem}{chapter.4}% 21
\BOOKMARK [1][-]{section.4.2}{4.2 Result}{chapter.4}% 22
\BOOKMARK [1][-]{section.4.3}{4.3 Conclusion}{chapter.4}% 23
\BOOKMARK [1][-]{section.4.4}{4.4 Command list}{chapter.4}% 24
\BOOKMARK [0][-]{chapter.5}{5 Homework 5}{}% 25
\BOOKMARK [1][-]{section.5.1}{5.1 Approach the problem}{chapter.5}% 26
\BOOKMARK [1][-]{section.5.2}{5.2 Result}{chapter.5}% 27
\BOOKMARK [1][-]{section.5.3}{5.3 Command list}{chapter.5}% 28
\BOOKMARK [0][-]{chapter.6}{6 Homework 6}{}% 29
\BOOKMARK [1][-]{section.6.1}{6.1 Approach the problem}{chapter.6}% 30
\BOOKMARK [1][-]{section.6.2}{6.2 Result and Conclusion}{chapter.6}% 31
\BOOKMARK [1][-]{section.6.3}{6.3 Command list}{chapter.6}% 32
\BOOKMARK [0][-]{chapter.7}{7 Homework 7}{}% 33
\BOOKMARK [1][-]{section.7.1}{7.1 Approach the problem}{chapter.7}% 34
\BOOKMARK [1][-]{section.7.2}{7.2 Result}{chapter.7}% 35
\BOOKMARK [2][-]{subsection.7.2.1}{7.2.1 Bending moment}{section.7.2}% 36
\BOOKMARK [2][-]{subsection.7.2.2}{7.2.2 Torque moment}{section.7.2}% 37
\BOOKMARK [2][-]{subsection.7.2.3}{7.2.3 Combined moments}{section.7.2}% 38
\BOOKMARK [1][-]{section.7.3}{7.3 Conclusion}{chapter.7}% 39
\BOOKMARK [1][-]{section.7.4}{7.4 Command list}{chapter.7}% 40
